<?xml version="1.0" encoding="UTF-8"?>
<testsuite xmlns:xsi="http://www.w3.org/2001/XMLSchema-instance" xsi:noNamespaceSchemaLocation="https://maven.apache.org/surefire/maven-surefire-plugin/xsd/surefire-test-report-3.0.xsd" version="3.0" name="com.propertec.camel.MySpringBootApplicationTest" time="2.267" tests="1" errors="0" skipped="0" failures="0">
  <properties>
    <property name="java.specification.version" value="22"/>
    <property name="sun.jnu.encoding" value="UTF-8"/>
    <property name="java.class.path" value="/Users/georgeq/Dev/workspace/best-health-integration/target/test-classes:/Users/georgeq/Dev/workspace/best-health-integration/target/classes:/Users/georgeq/.m2/repository/org/springframework/boot/spring-boot-starter-web/2.7.6/spring-boot-starter-web-2.7.6.jar:/Users/georgeq/.m2/repository/org/springframework/boot/spring-boot-starter/2.7.6/spring-boot-starter-2.7.6.jar:/Users/georgeq/.m2/repository/org/springframework/boot/spring-boot/2.7.6/spring-boot-2.7.6.jar:/Users/georgeq/.m2/repository/org/springframework/boot/spring-boot-autoconfigure/2.7.6/spring-boot-autoconfigure-2.7.6.jar:/Users/georgeq/.m2/repository/org/springframework/boot/spring-boot-starter-logging/2.7.6/spring-boot-starter-logging-2.7.6.jar:/Users/georgeq/.m2/repository/ch/qos/logback/logback-classic/1.2.11/logback-classic-1.2.11.jar:/Users/georgeq/.m2/repository/ch/qos/logback/logback-core/1.2.11/logback-core-1.2.11.jar:/Users/georgeq/.m2/repository/org/apache/logging/log4j/log4j-to-slf4j/2.17.2/log4j-to-slf4j-2.17.2.jar:/Users/georgeq/.m2/repository/org/apache/logging/log4j/log4j-api/2.17.2/log4j-api-2.17.2.jar:/Users/georgeq/.m2/repository/org/slf4j/jul-to-slf4j/1.7.36/jul-to-slf4j-1.7.36.jar:/Users/georgeq/.m2/repository/org/yaml/snakeyaml/1.30/snakeyaml-1.30.jar:/Users/georgeq/.m2/repository/org/springframework/boot/spring-boot-starter-json/2.7.6/spring-boot-starter-json-2.7.6.jar:/Users/georgeq/.m2/repository/com/fasterxml/jackson/datatype/jackson-datatype-jdk8/2.13.4/jackson-datatype-jdk8-2.13.4.jar:/Users/georgeq/.m2/repository/com/fasterxml/jackson/module/jackson-module-parameter-names/2.13.4/jackson-module-parameter-names-2.13.4.jar:/Users/georgeq/.m2/repository/org/springframework/spring-web/5.3.24/spring-web-5.3.24.jar:/Users/georgeq/.m2/repository/org/springframework/spring-beans/5.3.24/spring-beans-5.3.24.jar:/Users/georgeq/.m2/repository/org/springframework/spring-webmvc/5.3.24/spring-webmvc-5.3.24.jar:/Users/georgeq/.m2/repository/org/springframework/spring-aop/5.3.24/spring-aop-5.3.24.jar:/Users/georgeq/.m2/repository/org/springframework/spring-context/5.3.24/spring-context-5.3.24.jar:/Users/georgeq/.m2/repository/org/springframework/spring-expression/5.3.24/spring-expression-5.3.24.jar:/Users/georgeq/.m2/repository/org/springframework/boot/spring-boot-starter-undertow/2.7.6/spring-boot-starter-undertow-2.7.6.jar:/Users/georgeq/.m2/repository/io/undertow/undertow-core/2.2.20.Final/undertow-core-2.2.20.Final.jar:/Users/georgeq/.m2/repository/org/jboss/logging/jboss-logging/3.4.3.Final/jboss-logging-3.4.3.Final.jar:/Users/georgeq/.m2/repository/org/jboss/xnio/xnio-api/3.8.7.Final/xnio-api-3.8.7.Final.jar:/Users/georgeq/.m2/repository/org/wildfly/common/wildfly-common/1.5.4.Final/wildfly-common-1.5.4.Final.jar:/Users/georgeq/.m2/repository/org/wildfly/client/wildfly-client-config/1.0.1.Final/wildfly-client-config-1.0.1.Final.jar:/Users/georgeq/.m2/repository/org/jboss/xnio/xnio-nio/3.8.7.Final/xnio-nio-3.8.7.Final.jar:/Users/georgeq/.m2/repository/org/jboss/threads/jboss-threads/3.1.0.Final/jboss-threads-3.1.0.Final.jar:/Users/georgeq/.m2/repository/io/undertow/undertow-servlet/2.2.20.Final/undertow-servlet-2.2.20.Final.jar:/Users/georgeq/.m2/repository/io/undertow/undertow-websockets-jsr/2.2.20.Final/undertow-websockets-jsr-2.2.20.Final.jar:/Users/georgeq/.m2/repository/jakarta/servlet/jakarta.servlet-api/4.0.4/jakarta.servlet-api-4.0.4.jar:/Users/georgeq/.m2/repository/jakarta/websocket/jakarta.websocket-api/1.1.2/jakarta.websocket-api-1.1.2.jar:/Users/georgeq/.m2/repository/org/apache/tomcat/embed/tomcat-embed-el/9.0.69/tomcat-embed-el-9.0.69.jar:/Users/georgeq/.m2/repository/org/springframework/boot/spring-boot-starter-actuator/2.7.6/spring-boot-starter-actuator-2.7.6.jar:/Users/georgeq/.m2/repository/org/springframework/boot/spring-boot-actuator-autoconfigure/2.7.6/spring-boot-actuator-autoconfigure-2.7.6.jar:/Users/georgeq/.m2/repository/org/springframework/boot/spring-boot-actuator/2.7.6/spring-boot-actuator-2.7.6.jar:/Users/georgeq/.m2/repository/io/micrometer/micrometer-core/1.9.6/micrometer-core-1.9.6.jar:/Users/georgeq/.m2/repository/org/hdrhistogram/HdrHistogram/2.1.12/HdrHistogram-2.1.12.jar:/Users/georgeq/.m2/repository/org/latencyutils/LatencyUtils/2.0.3/LatencyUtils-2.0.3.jar:/Users/georgeq/.m2/repository/org/apache/camel/springboot/camel-spring-boot-starter/3.18.4/camel-spring-boot-starter-3.18.4.jar:/Users/georgeq/.m2/repository/org/apache/camel/springboot/camel-spring-boot/3.18.4/camel-spring-boot-3.18.4.jar:/Users/georgeq/.m2/repository/org/apache/camel/camel-spring/3.18.4/camel-spring-3.18.4.jar:/Users/georgeq/.m2/repository/org/springframework/spring-tx/5.3.24/spring-tx-5.3.24.jar:/Users/georgeq/.m2/repository/org/apache/camel/camel-spring-main/3.18.4/camel-spring-main-3.18.4.jar:/Users/georgeq/.m2/repository/org/apache/camel/camel-main/3.18.4/camel-main-3.18.4.jar:/Users/georgeq/.m2/repository/org/apache/camel/camel-util-json/3.18.4/camel-util-json-3.18.4.jar:/Users/georgeq/.m2/repository/org/apache/camel/camel-xml-jaxb-dsl/3.18.4/camel-xml-jaxb-dsl-3.18.4.jar:/Users/georgeq/.m2/repository/org/apache/camel/camel-dsl-support/3.18.4/camel-dsl-support-3.18.4.jar:/Users/georgeq/.m2/repository/org/apache/camel/camel-cloud/3.18.4/camel-cloud-3.18.4.jar:/Users/georgeq/.m2/repository/org/apache/camel/camel-core-model/3.18.4/camel-core-model-3.18.4.jar:/Users/georgeq/.m2/repository/org/apache/camel/camel-cluster/3.18.4/camel-cluster-3.18.4.jar:/Users/georgeq/.m2/repository/org/apache/camel/camel-health/3.18.4/camel-health-3.18.4.jar:/Users/georgeq/.m2/repository/org/apache/camel/springboot/camel-core-starter/3.18.4/camel-core-starter-3.18.4.jar:/Users/georgeq/.m2/repository/org/apache/camel/springboot/camel-bean-starter/3.18.4/camel-bean-starter-3.18.4.jar:/Users/georgeq/.m2/repository/org/apache/camel/camel-bean/3.18.4/camel-bean-3.18.4.jar:/Users/georgeq/.m2/repository/org/apache/camel/springboot/camel-browse-starter/3.18.4/camel-browse-starter-3.18.4.jar:/Users/georgeq/.m2/repository/org/apache/camel/camel-browse/3.18.4/camel-browse-3.18.4.jar:/Users/georgeq/.m2/repository/org/apache/camel/springboot/camel-controlbus-starter/3.18.4/camel-controlbus-starter-3.18.4.jar:/Users/georgeq/.m2/repository/org/apache/camel/camel-controlbus/3.18.4/camel-controlbus-3.18.4.jar:/Users/georgeq/.m2/repository/org/apache/camel/springboot/camel-dataformat-starter/3.18.4/camel-dataformat-starter-3.18.4.jar:/Users/georgeq/.m2/repository/org/apache/camel/camel-dataformat/3.18.4/camel-dataformat-3.18.4.jar:/Users/georgeq/.m2/repository/org/apache/camel/springboot/camel-dataset-starter/3.18.4/camel-dataset-starter-3.18.4.jar:/Users/georgeq/.m2/repository/org/apache/camel/camel-dataset/3.18.4/camel-dataset-3.18.4.jar:/Users/georgeq/.m2/repository/org/apache/camel/springboot/camel-direct-starter/3.18.4/camel-direct-starter-3.18.4.jar:/Users/georgeq/.m2/repository/org/apache/camel/camel-direct/3.18.4/camel-direct-3.18.4.jar:/Users/georgeq/.m2/repository/org/apache/camel/springboot/camel-directvm-starter/3.18.4/camel-directvm-starter-3.18.4.jar:/Users/georgeq/.m2/repository/org/apache/camel/camel-directvm/3.18.4/camel-directvm-3.18.4.jar:/Users/georgeq/.m2/repository/org/apache/camel/springboot/camel-file-starter/3.18.4/camel-file-starter-3.18.4.jar:/Users/georgeq/.m2/repository/org/apache/camel/camel-file/3.18.4/camel-file-3.18.4.jar:/Users/georgeq/.m2/repository/org/apache/camel/springboot/camel-language-starter/3.18.4/camel-language-starter-3.18.4.jar:/Users/georgeq/.m2/repository/org/apache/camel/camel-language/3.18.4/camel-language-3.18.4.jar:/Users/georgeq/.m2/repository/org/apache/camel/springboot/camel-log-starter/3.18.4/camel-log-starter-3.18.4.jar:/Users/georgeq/.m2/repository/org/apache/camel/camel-log/3.18.4/camel-log-3.18.4.jar:/Users/georgeq/.m2/repository/org/apache/camel/springboot/camel-mock-starter/3.18.4/camel-mock-starter-3.18.4.jar:/Users/georgeq/.m2/repository/org/apache/camel/camel-mock/3.18.4/camel-mock-3.18.4.jar:/Users/georgeq/.m2/repository/org/apache/camel/springboot/camel-ref-starter/3.18.4/camel-ref-starter-3.18.4.jar:/Users/georgeq/.m2/repository/org/apache/camel/camel-ref/3.18.4/camel-ref-3.18.4.jar:/Users/georgeq/.m2/repository/org/apache/camel/springboot/camel-rest-starter/3.18.4/camel-rest-starter-3.18.4.jar:/Users/georgeq/.m2/repository/org/apache/camel/camel-rest/3.18.4/camel-rest-3.18.4.jar:/Users/georgeq/.m2/repository/org/apache/camel/camel-tooling-model/3.18.4/camel-tooling-model-3.18.4.jar:/Users/georgeq/.m2/repository/org/apache/camel/springboot/camel-saga-starter/3.18.4/camel-saga-starter-3.18.4.jar:/Users/georgeq/.m2/repository/org/apache/camel/camel-saga/3.18.4/camel-saga-3.18.4.jar:/Users/georgeq/.m2/repository/org/apache/camel/springboot/camel-scheduler-starter/3.18.4/camel-scheduler-starter-3.18.4.jar:/Users/georgeq/.m2/repository/org/apache/camel/camel-scheduler/3.18.4/camel-scheduler-3.18.4.jar:/Users/georgeq/.m2/repository/org/apache/camel/springboot/camel-seda-starter/3.18.4/camel-seda-starter-3.18.4.jar:/Users/georgeq/.m2/repository/org/apache/camel/camel-seda/3.18.4/camel-seda-3.18.4.jar:/Users/georgeq/.m2/repository/org/apache/camel/springboot/camel-stub-starter/3.18.4/camel-stub-starter-3.18.4.jar:/Users/georgeq/.m2/repository/org/apache/camel/camel-stub/3.18.4/camel-stub-3.18.4.jar:/Users/georgeq/.m2/repository/org/apache/camel/springboot/camel-timer-starter/3.18.4/camel-timer-starter-3.18.4.jar:/Users/georgeq/.m2/repository/org/apache/camel/camel-timer/3.18.4/camel-timer-3.18.4.jar:/Users/georgeq/.m2/repository/org/apache/camel/springboot/camel-validator-starter/3.18.4/camel-validator-starter-3.18.4.jar:/Users/georgeq/.m2/repository/org/apache/camel/camel-validator/3.18.4/camel-validator-3.18.4.jar:/Users/georgeq/.m2/repository/org/apache/camel/springboot/camel-vm-starter/3.18.4/camel-vm-starter-3.18.4.jar:/Users/georgeq/.m2/repository/org/apache/camel/camel-vm/3.18.4/camel-vm-3.18.4.jar:/Users/georgeq/.m2/repository/org/apache/camel/springboot/camel-xpath-starter/3.18.4/camel-xpath-starter-3.18.4.jar:/Users/georgeq/.m2/repository/org/apache/camel/camel-xpath/3.18.4/camel-xpath-3.18.4.jar:/Users/georgeq/.m2/repository/org/apache/camel/springboot/camel-xslt-starter/3.18.4/camel-xslt-starter-3.18.4.jar:/Users/georgeq/.m2/repository/org/apache/camel/camel-xslt/3.18.4/camel-xslt-3.18.4.jar:/Users/georgeq/.m2/repository/org/apache/camel/springboot/camel-xml-jaxp-starter/3.18.4/camel-xml-jaxp-starter-3.18.4.jar:/Users/georgeq/.m2/repository/org/apache/camel/camel-xml-jaxp/3.18.4/camel-xml-jaxp-3.18.4.jar:/Users/georgeq/.m2/repository/org/apache/camel/camel-xml-io-util/3.18.4/camel-xml-io-util-3.18.4.jar:/Users/georgeq/.m2/repository/org/apache/camel/springboot/camel-stream-starter/3.18.4/camel-stream-starter-3.18.4.jar:/Users/georgeq/.m2/repository/org/apache/camel/camel-stream/3.18.4/camel-stream-3.18.4.jar:/Users/georgeq/.m2/repository/org/apache/camel/camel-support/3.18.4/camel-support-3.18.4.jar:/Users/georgeq/.m2/repository/org/apache/camel/camel-hl7/3.18.4/camel-hl7-3.18.4.jar:/Users/georgeq/.m2/repository/org/apache/camel/camel-core-engine/3.18.4/camel-core-engine-3.18.4.jar:/Users/georgeq/.m2/repository/org/apache/camel/camel-api/3.18.4/camel-api-3.18.4.jar:/Users/georgeq/.m2/repository/org/apache/camel/camel-base-engine/3.18.4/camel-base-engine-3.18.4.jar:/Users/georgeq/.m2/repository/org/apache/camel/camel-base/3.18.4/camel-base-3.18.4.jar:/Users/georgeq/.m2/repository/org/apache/camel/camel-core-reifier/3.18.4/camel-core-reifier-3.18.4.jar:/Users/georgeq/.m2/repository/org/apache/camel/camel-core-processor/3.18.4/camel-core-processor-3.18.4.jar:/Users/georgeq/.m2/repository/org/apache/camel/camel-management-api/3.18.4/camel-management-api-3.18.4.jar:/Users/georgeq/.m2/repository/org/apache/camel/camel-util/3.18.4/camel-util-3.18.4.jar:/Users/georgeq/.m2/repository/ca/uhn/hapi/hapi-base/2.3/hapi-base-2.3.jar:/Users/georgeq/.m2/repository/joda-time/joda-time/2.1/joda-time-2.1.jar:/Users/georgeq/.m2/repository/ca/uhn/hapi/hapi-structures-v24/2.3/hapi-structures-v24-2.3.jar:/Users/georgeq/.m2/repository/ca/uhn/hapi/hapi-structures-v25/2.3/hapi-structures-v25-2.3.jar:/Users/georgeq/.m2/repository/org/apache/camel/springboot/camel-hl7-starter/3.18.4/camel-hl7-starter-3.18.4.jar:/Users/georgeq/.m2/repository/org/apache/camel/camel-netty/3.18.4/camel-netty-3.18.4.jar:/Users/georgeq/.m2/repository/io/netty/netty-buffer/4.1.85.Final/netty-buffer-4.1.85.Final.jar:/Users/georgeq/.m2/repository/io/netty/netty-codec/4.1.85.Final/netty-codec-4.1.85.Final.jar:/Users/georgeq/.m2/repository/io/netty/netty-common/4.1.85.Final/netty-common-4.1.85.Final.jar:/Users/georgeq/.m2/repository/io/netty/netty-handler/4.1.85.Final/netty-handler-4.1.85.Final.jar:/Users/georgeq/.m2/repository/io/netty/netty-resolver/4.1.85.Final/netty-resolver-4.1.85.Final.jar:/Users/georgeq/.m2/repository/io/netty/netty-transport/4.1.85.Final/netty-transport-4.1.85.Final.jar:/Users/georgeq/.m2/repository/io/netty/netty-transport-native-epoll/4.1.85.Final/netty-transport-native-epoll-4.1.85.Final.jar:/Users/georgeq/.m2/repository/io/netty/netty-transport-classes-epoll/4.1.85.Final/netty-transport-classes-epoll-4.1.85.Final.jar:/Users/georgeq/.m2/repository/io/netty/netty-transport-native-unix-common/4.1.85.Final/netty-transport-native-unix-common-4.1.85.Final.jar:/Users/georgeq/.m2/repository/org/apache/commons/commons-pool2/2.11.1/commons-pool2-2.11.1.jar:/Users/georgeq/.m2/repository/ca/uhn/hapi/fhir/hapi-fhir-base/7.2.2/hapi-fhir-base-7.2.2.jar:/Users/georgeq/.m2/repository/com/fasterxml/jackson/datatype/jackson-datatype-jsr310/2.13.4/jackson-datatype-jsr310-2.13.4.jar:/Users/georgeq/.m2/repository/com/fasterxml/jackson/core/jackson-annotations/2.13.4/jackson-annotations-2.13.4.jar:/Users/georgeq/.m2/repository/com/fasterxml/jackson/core/jackson-core/2.13.4/jackson-core-2.13.4.jar:/Users/georgeq/.m2/repository/com/fasterxml/jackson/core/jackson-databind/2.13.4.2/jackson-databind-2.13.4.2.jar:/Users/georgeq/.m2/repository/org/apache/commons/commons-lang3/3.12.0/commons-lang3-3.12.0.jar:/Users/georgeq/.m2/repository/org/apache/commons/commons-text/1.10.0/commons-text-1.10.0.jar:/Users/georgeq/.m2/repository/commons-codec/commons-codec/1.15/commons-codec-1.15.jar:/Users/georgeq/.m2/repository/commons-io/commons-io/2.11.0/commons-io-2.11.0.jar:/Users/georgeq/.m2/repository/com/google/guava/guava/32.1.1-jre/guava-32.1.1-jre.jar:/Users/georgeq/.m2/repository/com/google/guava/failureaccess/1.0.1/failureaccess-1.0.1.jar:/Users/georgeq/.m2/repository/com/google/guava/listenablefuture/9999.0-empty-to-avoid-conflict-with-guava/listenablefuture-9999.0-empty-to-avoid-conflict-with-guava.jar:/Users/georgeq/.m2/repository/org/checkerframework/checker-qual/3.33.0/checker-qual-3.33.0.jar:/Users/georgeq/.m2/repository/com/google/errorprone/error_prone_annotations/2.18.0/error_prone_annotations-2.18.0.jar:/Users/georgeq/.m2/repository/com/google/j2objc/j2objc-annotations/2.8/j2objc-annotations-2.8.jar:/Users/georgeq/.m2/repository/org/slf4j/slf4j-api/1.7.36/slf4j-api-1.7.36.jar:/Users/georgeq/.m2/repository/org/slf4j/jcl-over-slf4j/1.7.36/jcl-over-slf4j-1.7.36.jar:/Users/georgeq/.m2/repository/com/google/code/findbugs/jsr305/3.0.2/jsr305-3.0.2.jar:/Users/georgeq/.m2/repository/jakarta/annotation/jakarta.annotation-api/1.3.5/jakarta.annotation-api-1.3.5.jar:/Users/georgeq/.m2/repository/io/opentelemetry/opentelemetry-api/1.32.0/opentelemetry-api-1.32.0.jar:/Users/georgeq/.m2/repository/io/opentelemetry/opentelemetry-context/1.32.0/opentelemetry-context-1.32.0.jar:/Users/georgeq/.m2/repository/org/assertj/assertj-core/3.22.0/assertj-core-3.22.0.jar:/Users/georgeq/.m2/repository/io/opentelemetry/instrumentation/opentelemetry-instrumentation-annotations/1.32.0/opentelemetry-instrumentation-annotations-1.32.0.jar:/Users/georgeq/.m2/repository/org/springframework/boot/spring-boot-starter-test/2.7.6/spring-boot-starter-test-2.7.6.jar:/Users/georgeq/.m2/repository/org/springframework/boot/spring-boot-test/2.7.6/spring-boot-test-2.7.6.jar:/Users/georgeq/.m2/repository/org/springframework/boot/spring-boot-test-autoconfigure/2.7.6/spring-boot-test-autoconfigure-2.7.6.jar:/Users/georgeq/.m2/repository/com/jayway/jsonpath/json-path/2.7.0/json-path-2.7.0.jar:/Users/georgeq/.m2/repository/net/minidev/json-smart/2.4.8/json-smart-2.4.8.jar:/Users/georgeq/.m2/repository/net/minidev/accessors-smart/2.4.8/accessors-smart-2.4.8.jar:/Users/georgeq/.m2/repository/org/ow2/asm/asm/9.1/asm-9.1.jar:/Users/georgeq/.m2/repository/jakarta/xml/bind/jakarta.xml.bind-api/2.3.3/jakarta.xml.bind-api-2.3.3.jar:/Users/georgeq/.m2/repository/jakarta/activation/jakarta.activation-api/1.2.2/jakarta.activation-api-1.2.2.jar:/Users/georgeq/.m2/repository/org/hamcrest/hamcrest/2.2/hamcrest-2.2.jar:/Users/georgeq/.m2/repository/org/junit/jupiter/junit-jupiter/5.8.2/junit-jupiter-5.8.2.jar:/Users/georgeq/.m2/repository/org/junit/jupiter/junit-jupiter-api/5.8.2/junit-jupiter-api-5.8.2.jar:/Users/georgeq/.m2/repository/org/opentest4j/opentest4j/1.2.0/opentest4j-1.2.0.jar:/Users/georgeq/.m2/repository/org/junit/platform/junit-platform-commons/1.8.2/junit-platform-commons-1.8.2.jar:/Users/georgeq/.m2/repository/org/apiguardian/apiguardian-api/1.1.2/apiguardian-api-1.1.2.jar:/Users/georgeq/.m2/repository/org/junit/jupiter/junit-jupiter-params/5.8.2/junit-jupiter-params-5.8.2.jar:/Users/georgeq/.m2/repository/org/junit/jupiter/junit-jupiter-engine/5.8.2/junit-jupiter-engine-5.8.2.jar:/Users/georgeq/.m2/repository/org/junit/platform/junit-platform-engine/1.8.2/junit-platform-engine-1.8.2.jar:/Users/georgeq/.m2/repository/org/mockito/mockito-core/4.5.1/mockito-core-4.5.1.jar:/Users/georgeq/.m2/repository/net/bytebuddy/byte-buddy/1.12.19/byte-buddy-1.12.19.jar:/Users/georgeq/.m2/repository/net/bytebuddy/byte-buddy-agent/1.12.19/byte-buddy-agent-1.12.19.jar:/Users/georgeq/.m2/repository/org/objenesis/objenesis/3.2/objenesis-3.2.jar:/Users/georgeq/.m2/repository/org/mockito/mockito-junit-jupiter/4.5.1/mockito-junit-jupiter-4.5.1.jar:/Users/georgeq/.m2/repository/org/skyscreamer/jsonassert/1.5.1/jsonassert-1.5.1.jar:/Users/georgeq/.m2/repository/com/vaadin/external/google/android-json/0.0.20131108.vaadin1/android-json-0.0.20131108.vaadin1.jar:/Users/georgeq/.m2/repository/org/springframework/spring-core/5.3.24/spring-core-5.3.24.jar:/Users/georgeq/.m2/repository/org/springframework/spring-jcl/5.3.24/spring-jcl-5.3.24.jar:/Users/georgeq/.m2/repository/org/springframework/spring-test/5.3.24/spring-test-5.3.24.jar:/Users/georgeq/.m2/repository/org/xmlunit/xmlunit-core/2.9.0/xmlunit-core-2.9.0.jar:/Users/georgeq/.m2/repository/org/apache/camel/camel-test-spring-junit5/3.18.4/camel-test-spring-junit5-3.18.4.jar:/Users/georgeq/.m2/repository/org/apache/camel/camel-test-junit5/3.18.4/camel-test-junit5-3.18.4.jar:/Users/georgeq/.m2/repository/org/apache/camel/camel-core-languages/3.18.4/camel-core-languages-3.18.4.jar:/Users/georgeq/.m2/repository/org/apache/camel/camel-spring-xml/3.18.4/camel-spring-xml-3.18.4.jar:/Users/georgeq/.m2/repository/org/apache/camel/camel-xml-jaxb/3.18.4/camel-xml-jaxb-3.18.4.jar:/Users/georgeq/.m2/repository/com/sun/xml/bind/jaxb-core/2.3.0/jaxb-core-2.3.0.jar:/Users/georgeq/.m2/repository/com/sun/xml/bind/jaxb-impl/2.3.3/jaxb-impl-2.3.3.jar:/Users/georgeq/.m2/repository/com/sun/activation/jakarta.activation/1.2.2/jakarta.activation-1.2.2.jar:/Users/georgeq/.m2/repository/org/apache/camel/camel-core-xml/3.18.4/camel-core-xml-3.18.4.jar:/Users/georgeq/.m2/repository/javax/annotation/javax.annotation-api/1.3.2/javax.annotation-api-1.3.2.jar:"/>
    <property name="java.vm.vendor" value="Homebrew"/>
    <property name="sun.arch.data.model" value="64"/>
    <property name="java.vendor.url" value="https://github.com/Homebrew/homebrew-core/issues"/>
    <property name="user.timezone" value="Pacific/Auckland"/>
    <property name="os.name" value="Mac OS X"/>
    <property name="java.vm.specification.version" value="22"/>
    <property name="sun.java.launcher" value="SUN_STANDARD"/>
    <property name="user.country" value="GB"/>
    <property name="sun.boot.library.path" value="/opt/homebrew/Cellar/openjdk/22.0.1/libexec/openjdk.jdk/Contents/Home/lib"/>
    <property name="sun.java.command" value="/Users/georgeq/Dev/workspace/best-health-integration/target/surefire/surefirebooter6510526455773224837.jar /Users/georgeq/Dev/workspace/best-health-integration/target/surefire 2024-07-28T20-54-06_763-jvmRun1 surefire17692056846076699176tmp surefire_014991605590069098656tmp"/>
    <property name="http.nonProxyHosts" value="local|*.local|169.254/16|*.169.254/16"/>
    <property name="jdk.debug" value="release"/>
    <property name="surefire.test.class.path" value="/Users/georgeq/Dev/workspace/best-health-integration/target/test-classes:/Users/georgeq/Dev/workspace/best-health-integration/target/classes:/Users/georgeq/.m2/repository/org/springframework/boot/spring-boot-starter-web/2.7.6/spring-boot-starter-web-2.7.6.jar:/Users/georgeq/.m2/repository/org/springframework/boot/spring-boot-starter/2.7.6/spring-boot-starter-2.7.6.jar:/Users/georgeq/.m2/repository/org/springframework/boot/spring-boot/2.7.6/spring-boot-2.7.6.jar:/Users/georgeq/.m2/repository/org/springframework/boot/spring-boot-autoconfigure/2.7.6/spring-boot-autoconfigure-2.7.6.jar:/Users/georgeq/.m2/repository/org/springframework/boot/spring-boot-starter-logging/2.7.6/spring-boot-starter-logging-2.7.6.jar:/Users/georgeq/.m2/repository/ch/qos/logback/logback-classic/1.2.11/logback-classic-1.2.11.jar:/Users/georgeq/.m2/repository/ch/qos/logback/logback-core/1.2.11/logback-core-1.2.11.jar:/Users/georgeq/.m2/repository/org/apache/logging/log4j/log4j-to-slf4j/2.17.2/log4j-to-slf4j-2.17.2.jar:/Users/georgeq/.m2/repository/org/apache/logging/log4j/log4j-api/2.17.2/log4j-api-2.17.2.jar:/Users/georgeq/.m2/repository/org/slf4j/jul-to-slf4j/1.7.36/jul-to-slf4j-1.7.36.jar:/Users/georgeq/.m2/repository/org/yaml/snakeyaml/1.30/snakeyaml-1.30.jar:/Users/georgeq/.m2/repository/org/springframework/boot/spring-boot-starter-json/2.7.6/spring-boot-starter-json-2.7.6.jar:/Users/georgeq/.m2/repository/com/fasterxml/jackson/datatype/jackson-datatype-jdk8/2.13.4/jackson-datatype-jdk8-2.13.4.jar:/Users/georgeq/.m2/repository/com/fasterxml/jackson/module/jackson-module-parameter-names/2.13.4/jackson-module-parameter-names-2.13.4.jar:/Users/georgeq/.m2/repository/org/springframework/spring-web/5.3.24/spring-web-5.3.24.jar:/Users/georgeq/.m2/repository/org/springframework/spring-beans/5.3.24/spring-beans-5.3.24.jar:/Users/georgeq/.m2/repository/org/springframework/spring-webmvc/5.3.24/spring-webmvc-5.3.24.jar:/Users/georgeq/.m2/repository/org/springframework/spring-aop/5.3.24/spring-aop-5.3.24.jar:/Users/georgeq/.m2/repository/org/springframework/spring-context/5.3.24/spring-context-5.3.24.jar:/Users/georgeq/.m2/repository/org/springframework/spring-expression/5.3.24/spring-expression-5.3.24.jar:/Users/georgeq/.m2/repository/org/springframework/boot/spring-boot-starter-undertow/2.7.6/spring-boot-starter-undertow-2.7.6.jar:/Users/georgeq/.m2/repository/io/undertow/undertow-core/2.2.20.Final/undertow-core-2.2.20.Final.jar:/Users/georgeq/.m2/repository/org/jboss/logging/jboss-logging/3.4.3.Final/jboss-logging-3.4.3.Final.jar:/Users/georgeq/.m2/repository/org/jboss/xnio/xnio-api/3.8.7.Final/xnio-api-3.8.7.Final.jar:/Users/georgeq/.m2/repository/org/wildfly/common/wildfly-common/1.5.4.Final/wildfly-common-1.5.4.Final.jar:/Users/georgeq/.m2/repository/org/wildfly/client/wildfly-client-config/1.0.1.Final/wildfly-client-config-1.0.1.Final.jar:/Users/georgeq/.m2/repository/org/jboss/xnio/xnio-nio/3.8.7.Final/xnio-nio-3.8.7.Final.jar:/Users/georgeq/.m2/repository/org/jboss/threads/jboss-threads/3.1.0.Final/jboss-threads-3.1.0.Final.jar:/Users/georgeq/.m2/repository/io/undertow/undertow-servlet/2.2.20.Final/undertow-servlet-2.2.20.Final.jar:/Users/georgeq/.m2/repository/io/undertow/undertow-websockets-jsr/2.2.20.Final/undertow-websockets-jsr-2.2.20.Final.jar:/Users/georgeq/.m2/repository/jakarta/servlet/jakarta.servlet-api/4.0.4/jakarta.servlet-api-4.0.4.jar:/Users/georgeq/.m2/repository/jakarta/websocket/jakarta.websocket-api/1.1.2/jakarta.websocket-api-1.1.2.jar:/Users/georgeq/.m2/repository/org/apache/tomcat/embed/tomcat-embed-el/9.0.69/tomcat-embed-el-9.0.69.jar:/Users/georgeq/.m2/repository/org/springframework/boot/spring-boot-starter-actuator/2.7.6/spring-boot-starter-actuator-2.7.6.jar:/Users/georgeq/.m2/repository/org/springframework/boot/spring-boot-actuator-autoconfigure/2.7.6/spring-boot-actuator-autoconfigure-2.7.6.jar:/Users/georgeq/.m2/repository/org/springframework/boot/spring-boot-actuator/2.7.6/spring-boot-actuator-2.7.6.jar:/Users/georgeq/.m2/repository/io/micrometer/micrometer-core/1.9.6/micrometer-core-1.9.6.jar:/Users/georgeq/.m2/repository/org/hdrhistogram/HdrHistogram/2.1.12/HdrHistogram-2.1.12.jar:/Users/georgeq/.m2/repository/org/latencyutils/LatencyUtils/2.0.3/LatencyUtils-2.0.3.jar:/Users/georgeq/.m2/repository/org/apache/camel/springboot/camel-spring-boot-starter/3.18.4/camel-spring-boot-starter-3.18.4.jar:/Users/georgeq/.m2/repository/org/apache/camel/springboot/camel-spring-boot/3.18.4/camel-spring-boot-3.18.4.jar:/Users/georgeq/.m2/repository/org/apache/camel/camel-spring/3.18.4/camel-spring-3.18.4.jar:/Users/georgeq/.m2/repository/org/springframework/spring-tx/5.3.24/spring-tx-5.3.24.jar:/Users/georgeq/.m2/repository/org/apache/camel/camel-spring-main/3.18.4/camel-spring-main-3.18.4.jar:/Users/georgeq/.m2/repository/org/apache/camel/camel-main/3.18.4/camel-main-3.18.4.jar:/Users/georgeq/.m2/repository/org/apache/camel/camel-util-json/3.18.4/camel-util-json-3.18.4.jar:/Users/georgeq/.m2/repository/org/apache/camel/camel-xml-jaxb-dsl/3.18.4/camel-xml-jaxb-dsl-3.18.4.jar:/Users/georgeq/.m2/repository/org/apache/camel/camel-dsl-support/3.18.4/camel-dsl-support-3.18.4.jar:/Users/georgeq/.m2/repository/org/apache/camel/camel-cloud/3.18.4/camel-cloud-3.18.4.jar:/Users/georgeq/.m2/repository/org/apache/camel/camel-core-model/3.18.4/camel-core-model-3.18.4.jar:/Users/georgeq/.m2/repository/org/apache/camel/camel-cluster/3.18.4/camel-cluster-3.18.4.jar:/Users/georgeq/.m2/repository/org/apache/camel/camel-health/3.18.4/camel-health-3.18.4.jar:/Users/georgeq/.m2/repository/org/apache/camel/springboot/camel-core-starter/3.18.4/camel-core-starter-3.18.4.jar:/Users/georgeq/.m2/repository/org/apache/camel/springboot/camel-bean-starter/3.18.4/camel-bean-starter-3.18.4.jar:/Users/georgeq/.m2/repository/org/apache/camel/camel-bean/3.18.4/camel-bean-3.18.4.jar:/Users/georgeq/.m2/repository/org/apache/camel/springboot/camel-browse-starter/3.18.4/camel-browse-starter-3.18.4.jar:/Users/georgeq/.m2/repository/org/apache/camel/camel-browse/3.18.4/camel-browse-3.18.4.jar:/Users/georgeq/.m2/repository/org/apache/camel/springboot/camel-controlbus-starter/3.18.4/camel-controlbus-starter-3.18.4.jar:/Users/georgeq/.m2/repository/org/apache/camel/camel-controlbus/3.18.4/camel-controlbus-3.18.4.jar:/Users/georgeq/.m2/repository/org/apache/camel/springboot/camel-dataformat-starter/3.18.4/camel-dataformat-starter-3.18.4.jar:/Users/georgeq/.m2/repository/org/apache/camel/camel-dataformat/3.18.4/camel-dataformat-3.18.4.jar:/Users/georgeq/.m2/repository/org/apache/camel/springboot/camel-dataset-starter/3.18.4/camel-dataset-starter-3.18.4.jar:/Users/georgeq/.m2/repository/org/apache/camel/camel-dataset/3.18.4/camel-dataset-3.18.4.jar:/Users/georgeq/.m2/repository/org/apache/camel/springboot/camel-direct-starter/3.18.4/camel-direct-starter-3.18.4.jar:/Users/georgeq/.m2/repository/org/apache/camel/camel-direct/3.18.4/camel-direct-3.18.4.jar:/Users/georgeq/.m2/repository/org/apache/camel/springboot/camel-directvm-starter/3.18.4/camel-directvm-starter-3.18.4.jar:/Users/georgeq/.m2/repository/org/apache/camel/camel-directvm/3.18.4/camel-directvm-3.18.4.jar:/Users/georgeq/.m2/repository/org/apache/camel/springboot/camel-file-starter/3.18.4/camel-file-starter-3.18.4.jar:/Users/georgeq/.m2/repository/org/apache/camel/camel-file/3.18.4/camel-file-3.18.4.jar:/Users/georgeq/.m2/repository/org/apache/camel/springboot/camel-language-starter/3.18.4/camel-language-starter-3.18.4.jar:/Users/georgeq/.m2/repository/org/apache/camel/camel-language/3.18.4/camel-language-3.18.4.jar:/Users/georgeq/.m2/repository/org/apache/camel/springboot/camel-log-starter/3.18.4/camel-log-starter-3.18.4.jar:/Users/georgeq/.m2/repository/org/apache/camel/camel-log/3.18.4/camel-log-3.18.4.jar:/Users/georgeq/.m2/repository/org/apache/camel/springboot/camel-mock-starter/3.18.4/camel-mock-starter-3.18.4.jar:/Users/georgeq/.m2/repository/org/apache/camel/camel-mock/3.18.4/camel-mock-3.18.4.jar:/Users/georgeq/.m2/repository/org/apache/camel/springboot/camel-ref-starter/3.18.4/camel-ref-starter-3.18.4.jar:/Users/georgeq/.m2/repository/org/apache/camel/camel-ref/3.18.4/camel-ref-3.18.4.jar:/Users/georgeq/.m2/repository/org/apache/camel/springboot/camel-rest-starter/3.18.4/camel-rest-starter-3.18.4.jar:/Users/georgeq/.m2/repository/org/apache/camel/camel-rest/3.18.4/camel-rest-3.18.4.jar:/Users/georgeq/.m2/repository/org/apache/camel/camel-tooling-model/3.18.4/camel-tooling-model-3.18.4.jar:/Users/georgeq/.m2/repository/org/apache/camel/springboot/camel-saga-starter/3.18.4/camel-saga-starter-3.18.4.jar:/Users/georgeq/.m2/repository/org/apache/camel/camel-saga/3.18.4/camel-saga-3.18.4.jar:/Users/georgeq/.m2/repository/org/apache/camel/springboot/camel-scheduler-starter/3.18.4/camel-scheduler-starter-3.18.4.jar:/Users/georgeq/.m2/repository/org/apache/camel/camel-scheduler/3.18.4/camel-scheduler-3.18.4.jar:/Users/georgeq/.m2/repository/org/apache/camel/springboot/camel-seda-starter/3.18.4/camel-seda-starter-3.18.4.jar:/Users/georgeq/.m2/repository/org/apache/camel/camel-seda/3.18.4/camel-seda-3.18.4.jar:/Users/georgeq/.m2/repository/org/apache/camel/springboot/camel-stub-starter/3.18.4/camel-stub-starter-3.18.4.jar:/Users/georgeq/.m2/repository/org/apache/camel/camel-stub/3.18.4/camel-stub-3.18.4.jar:/Users/georgeq/.m2/repository/org/apache/camel/springboot/camel-timer-starter/3.18.4/camel-timer-starter-3.18.4.jar:/Users/georgeq/.m2/repository/org/apache/camel/camel-timer/3.18.4/camel-timer-3.18.4.jar:/Users/georgeq/.m2/repository/org/apache/camel/springboot/camel-validator-starter/3.18.4/camel-validator-starter-3.18.4.jar:/Users/georgeq/.m2/repository/org/apache/camel/camel-validator/3.18.4/camel-validator-3.18.4.jar:/Users/georgeq/.m2/repository/org/apache/camel/springboot/camel-vm-starter/3.18.4/camel-vm-starter-3.18.4.jar:/Users/georgeq/.m2/repository/org/apache/camel/camel-vm/3.18.4/camel-vm-3.18.4.jar:/Users/georgeq/.m2/repository/org/apache/camel/springboot/camel-xpath-starter/3.18.4/camel-xpath-starter-3.18.4.jar:/Users/georgeq/.m2/repository/org/apache/camel/camel-xpath/3.18.4/camel-xpath-3.18.4.jar:/Users/georgeq/.m2/repository/org/apache/camel/springboot/camel-xslt-starter/3.18.4/camel-xslt-starter-3.18.4.jar:/Users/georgeq/.m2/repository/org/apache/camel/camel-xslt/3.18.4/camel-xslt-3.18.4.jar:/Users/georgeq/.m2/repository/org/apache/camel/springboot/camel-xml-jaxp-starter/3.18.4/camel-xml-jaxp-starter-3.18.4.jar:/Users/georgeq/.m2/repository/org/apache/camel/camel-xml-jaxp/3.18.4/camel-xml-jaxp-3.18.4.jar:/Users/georgeq/.m2/repository/org/apache/camel/camel-xml-io-util/3.18.4/camel-xml-io-util-3.18.4.jar:/Users/georgeq/.m2/repository/org/apache/camel/springboot/camel-stream-starter/3.18.4/camel-stream-starter-3.18.4.jar:/Users/georgeq/.m2/repository/org/apache/camel/camel-stream/3.18.4/camel-stream-3.18.4.jar:/Users/georgeq/.m2/repository/org/apache/camel/camel-support/3.18.4/camel-support-3.18.4.jar:/Users/georgeq/.m2/repository/org/apache/camel/camel-hl7/3.18.4/camel-hl7-3.18.4.jar:/Users/georgeq/.m2/repository/org/apache/camel/camel-core-engine/3.18.4/camel-core-engine-3.18.4.jar:/Users/georgeq/.m2/repository/org/apache/camel/camel-api/3.18.4/camel-api-3.18.4.jar:/Users/georgeq/.m2/repository/org/apache/camel/camel-base-engine/3.18.4/camel-base-engine-3.18.4.jar:/Users/georgeq/.m2/repository/org/apache/camel/camel-base/3.18.4/camel-base-3.18.4.jar:/Users/georgeq/.m2/repository/org/apache/camel/camel-core-reifier/3.18.4/camel-core-reifier-3.18.4.jar:/Users/georgeq/.m2/repository/org/apache/camel/camel-core-processor/3.18.4/camel-core-processor-3.18.4.jar:/Users/georgeq/.m2/repository/org/apache/camel/camel-management-api/3.18.4/camel-management-api-3.18.4.jar:/Users/georgeq/.m2/repository/org/apache/camel/camel-util/3.18.4/camel-util-3.18.4.jar:/Users/georgeq/.m2/repository/ca/uhn/hapi/hapi-base/2.3/hapi-base-2.3.jar:/Users/georgeq/.m2/repository/joda-time/joda-time/2.1/joda-time-2.1.jar:/Users/georgeq/.m2/repository/ca/uhn/hapi/hapi-structures-v24/2.3/hapi-structures-v24-2.3.jar:/Users/georgeq/.m2/repository/ca/uhn/hapi/hapi-structures-v25/2.3/hapi-structures-v25-2.3.jar:/Users/georgeq/.m2/repository/org/apache/camel/springboot/camel-hl7-starter/3.18.4/camel-hl7-starter-3.18.4.jar:/Users/georgeq/.m2/repository/org/apache/camel/camel-netty/3.18.4/camel-netty-3.18.4.jar:/Users/georgeq/.m2/repository/io/netty/netty-buffer/4.1.85.Final/netty-buffer-4.1.85.Final.jar:/Users/georgeq/.m2/repository/io/netty/netty-codec/4.1.85.Final/netty-codec-4.1.85.Final.jar:/Users/georgeq/.m2/repository/io/netty/netty-common/4.1.85.Final/netty-common-4.1.85.Final.jar:/Users/georgeq/.m2/repository/io/netty/netty-handler/4.1.85.Final/netty-handler-4.1.85.Final.jar:/Users/georgeq/.m2/repository/io/netty/netty-resolver/4.1.85.Final/netty-resolver-4.1.85.Final.jar:/Users/georgeq/.m2/repository/io/netty/netty-transport/4.1.85.Final/netty-transport-4.1.85.Final.jar:/Users/georgeq/.m2/repository/io/netty/netty-transport-native-epoll/4.1.85.Final/netty-transport-native-epoll-4.1.85.Final.jar:/Users/georgeq/.m2/repository/io/netty/netty-transport-classes-epoll/4.1.85.Final/netty-transport-classes-epoll-4.1.85.Final.jar:/Users/georgeq/.m2/repository/io/netty/netty-transport-native-unix-common/4.1.85.Final/netty-transport-native-unix-common-4.1.85.Final.jar:/Users/georgeq/.m2/repository/org/apache/commons/commons-pool2/2.11.1/commons-pool2-2.11.1.jar:/Users/georgeq/.m2/repository/ca/uhn/hapi/fhir/hapi-fhir-base/7.2.2/hapi-fhir-base-7.2.2.jar:/Users/georgeq/.m2/repository/com/fasterxml/jackson/datatype/jackson-datatype-jsr310/2.13.4/jackson-datatype-jsr310-2.13.4.jar:/Users/georgeq/.m2/repository/com/fasterxml/jackson/core/jackson-annotations/2.13.4/jackson-annotations-2.13.4.jar:/Users/georgeq/.m2/repository/com/fasterxml/jackson/core/jackson-core/2.13.4/jackson-core-2.13.4.jar:/Users/georgeq/.m2/repository/com/fasterxml/jackson/core/jackson-databind/2.13.4.2/jackson-databind-2.13.4.2.jar:/Users/georgeq/.m2/repository/org/apache/commons/commons-lang3/3.12.0/commons-lang3-3.12.0.jar:/Users/georgeq/.m2/repository/org/apache/commons/commons-text/1.10.0/commons-text-1.10.0.jar:/Users/georgeq/.m2/repository/commons-codec/commons-codec/1.15/commons-codec-1.15.jar:/Users/georgeq/.m2/repository/commons-io/commons-io/2.11.0/commons-io-2.11.0.jar:/Users/georgeq/.m2/repository/com/google/guava/guava/32.1.1-jre/guava-32.1.1-jre.jar:/Users/georgeq/.m2/repository/com/google/guava/failureaccess/1.0.1/failureaccess-1.0.1.jar:/Users/georgeq/.m2/repository/com/google/guava/listenablefuture/9999.0-empty-to-avoid-conflict-with-guava/listenablefuture-9999.0-empty-to-avoid-conflict-with-guava.jar:/Users/georgeq/.m2/repository/org/checkerframework/checker-qual/3.33.0/checker-qual-3.33.0.jar:/Users/georgeq/.m2/repository/com/google/errorprone/error_prone_annotations/2.18.0/error_prone_annotations-2.18.0.jar:/Users/georgeq/.m2/repository/com/google/j2objc/j2objc-annotations/2.8/j2objc-annotations-2.8.jar:/Users/georgeq/.m2/repository/org/slf4j/slf4j-api/1.7.36/slf4j-api-1.7.36.jar:/Users/georgeq/.m2/repository/org/slf4j/jcl-over-slf4j/1.7.36/jcl-over-slf4j-1.7.36.jar:/Users/georgeq/.m2/repository/com/google/code/findbugs/jsr305/3.0.2/jsr305-3.0.2.jar:/Users/georgeq/.m2/repository/jakarta/annotation/jakarta.annotation-api/1.3.5/jakarta.annotation-api-1.3.5.jar:/Users/georgeq/.m2/repository/io/opentelemetry/opentelemetry-api/1.32.0/opentelemetry-api-1.32.0.jar:/Users/georgeq/.m2/repository/io/opentelemetry/opentelemetry-context/1.32.0/opentelemetry-context-1.32.0.jar:/Users/georgeq/.m2/repository/org/assertj/assertj-core/3.22.0/assertj-core-3.22.0.jar:/Users/georgeq/.m2/repository/io/opentelemetry/instrumentation/opentelemetry-instrumentation-annotations/1.32.0/opentelemetry-instrumentation-annotations-1.32.0.jar:/Users/georgeq/.m2/repository/org/springframework/boot/spring-boot-starter-test/2.7.6/spring-boot-starter-test-2.7.6.jar:/Users/georgeq/.m2/repository/org/springframework/boot/spring-boot-test/2.7.6/spring-boot-test-2.7.6.jar:/Users/georgeq/.m2/repository/org/springframework/boot/spring-boot-test-autoconfigure/2.7.6/spring-boot-test-autoconfigure-2.7.6.jar:/Users/georgeq/.m2/repository/com/jayway/jsonpath/json-path/2.7.0/json-path-2.7.0.jar:/Users/georgeq/.m2/repository/net/minidev/json-smart/2.4.8/json-smart-2.4.8.jar:/Users/georgeq/.m2/repository/net/minidev/accessors-smart/2.4.8/accessors-smart-2.4.8.jar:/Users/georgeq/.m2/repository/org/ow2/asm/asm/9.1/asm-9.1.jar:/Users/georgeq/.m2/repository/jakarta/xml/bind/jakarta.xml.bind-api/2.3.3/jakarta.xml.bind-api-2.3.3.jar:/Users/georgeq/.m2/repository/jakarta/activation/jakarta.activation-api/1.2.2/jakarta.activation-api-1.2.2.jar:/Users/georgeq/.m2/repository/org/hamcrest/hamcrest/2.2/hamcrest-2.2.jar:/Users/georgeq/.m2/repository/org/junit/jupiter/junit-jupiter/5.8.2/junit-jupiter-5.8.2.jar:/Users/georgeq/.m2/repository/org/junit/jupiter/junit-jupiter-api/5.8.2/junit-jupiter-api-5.8.2.jar:/Users/georgeq/.m2/repository/org/opentest4j/opentest4j/1.2.0/opentest4j-1.2.0.jar:/Users/georgeq/.m2/repository/org/junit/platform/junit-platform-commons/1.8.2/junit-platform-commons-1.8.2.jar:/Users/georgeq/.m2/repository/org/apiguardian/apiguardian-api/1.1.2/apiguardian-api-1.1.2.jar:/Users/georgeq/.m2/repository/org/junit/jupiter/junit-jupiter-params/5.8.2/junit-jupiter-params-5.8.2.jar:/Users/georgeq/.m2/repository/org/junit/jupiter/junit-jupiter-engine/5.8.2/junit-jupiter-engine-5.8.2.jar:/Users/georgeq/.m2/repository/org/junit/platform/junit-platform-engine/1.8.2/junit-platform-engine-1.8.2.jar:/Users/georgeq/.m2/repository/org/mockito/mockito-core/4.5.1/mockito-core-4.5.1.jar:/Users/georgeq/.m2/repository/net/bytebuddy/byte-buddy/1.12.19/byte-buddy-1.12.19.jar:/Users/georgeq/.m2/repository/net/bytebuddy/byte-buddy-agent/1.12.19/byte-buddy-agent-1.12.19.jar:/Users/georgeq/.m2/repository/org/objenesis/objenesis/3.2/objenesis-3.2.jar:/Users/georgeq/.m2/repository/org/mockito/mockito-junit-jupiter/4.5.1/mockito-junit-jupiter-4.5.1.jar:/Users/georgeq/.m2/repository/org/skyscreamer/jsonassert/1.5.1/jsonassert-1.5.1.jar:/Users/georgeq/.m2/repository/com/vaadin/external/google/android-json/0.0.20131108.vaadin1/android-json-0.0.20131108.vaadin1.jar:/Users/georgeq/.m2/repository/org/springframework/spring-core/5.3.24/spring-core-5.3.24.jar:/Users/georgeq/.m2/repository/org/springframework/spring-jcl/5.3.24/spring-jcl-5.3.24.jar:/Users/georgeq/.m2/repository/org/springframework/spring-test/5.3.24/spring-test-5.3.24.jar:/Users/georgeq/.m2/repository/org/xmlunit/xmlunit-core/2.9.0/xmlunit-core-2.9.0.jar:/Users/georgeq/.m2/repository/org/apache/camel/camel-test-spring-junit5/3.18.4/camel-test-spring-junit5-3.18.4.jar:/Users/georgeq/.m2/repository/org/apache/camel/camel-test-junit5/3.18.4/camel-test-junit5-3.18.4.jar:/Users/georgeq/.m2/repository/org/apache/camel/camel-core-languages/3.18.4/camel-core-languages-3.18.4.jar:/Users/georgeq/.m2/repository/org/apache/camel/camel-spring-xml/3.18.4/camel-spring-xml-3.18.4.jar:/Users/georgeq/.m2/repository/org/apache/camel/camel-xml-jaxb/3.18.4/camel-xml-jaxb-3.18.4.jar:/Users/georgeq/.m2/repository/com/sun/xml/bind/jaxb-core/2.3.0/jaxb-core-2.3.0.jar:/Users/georgeq/.m2/repository/com/sun/xml/bind/jaxb-impl/2.3.3/jaxb-impl-2.3.3.jar:/Users/georgeq/.m2/repository/com/sun/activation/jakarta.activation/1.2.2/jakarta.activation-1.2.2.jar:/Users/georgeq/.m2/repository/org/apache/camel/camel-core-xml/3.18.4/camel-core-xml-3.18.4.jar:/Users/georgeq/.m2/repository/javax/annotation/javax.annotation-api/1.3.2/javax.annotation-api-1.3.2.jar:"/>
    <property name="sun.cpu.endian" value="little"/>
    <property name="user.home" value="/Users/georgeq"/>
    <property name="user.language" value="en"/>
    <property name="java.specification.vendor" value="Oracle Corporation"/>
    <property name="java.version.date" value="2024-04-16"/>
    <property name="java.home" value="/opt/homebrew/Cellar/openjdk/22.0.1/libexec/openjdk.jdk/Contents/Home"/>
    <property name="file.separator" value="/"/>
    <property name="basedir" value="/Users/georgeq/Dev/workspace/best-health-integration"/>
    <property name="java.vm.compressedOopsMode" value="Zero based"/>
    <property name="line.separator" value="&#10;"/>
    <property name="java.vm.specification.vendor" value="Oracle Corporation"/>
    <property name="java.specification.name" value="Java Platform API Specification"/>
    <property name="FILE_LOG_CHARSET" value="UTF-8"/>
    <property name="java.awt.headless" value="true"/>
    <property name="apple.awt.application.name" value="ForkedBooter"/>
    <property name="surefire.real.class.path" value="/Users/georgeq/Dev/workspace/best-health-integration/target/surefire/surefirebooter6510526455773224837.jar"/>
    <property name="sun.management.compiler" value="HotSpot 64-Bit Tiered Compilers"/>
    <property name="ftp.nonProxyHosts" value="local|*.local|169.254/16|*.169.254/16"/>
    <property name="java.runtime.version" value="22.0.1"/>
    <property name="user.name" value="georgeq"/>
    <property name="stdout.encoding" value="UTF-8"/>
    <property name="path.separator" value=":"/>
    <property name="os.version" value="14.5"/>
    <property name="java.runtime.name" value="OpenJDK Runtime Environment"/>
    <property name="file.encoding" value="UTF-8"/>
    <property name="spring.beaninfo.ignore" value="true"/>
    <property name="java.vm.name" value="OpenJDK 64-Bit Server VM"/>
    <property name="java.vendor.version" value="Homebrew"/>
    <property name="localRepository" value="/Users/georgeq/.m2/repository"/>
    <property name="java.vendor.url.bug" value="https://github.com/Homebrew/homebrew-core/issues"/>
    <property name="java.io.tmpdir" value="/var/folders/wh/3dpt3fxj6cxb7sqssp9qkxvh0000gn/T/"/>
    <property name="java.version" value="22.0.1"/>
    <property name="user.dir" value="/Users/georgeq/Dev/workspace/best-health-integration"/>
    <property name="os.arch" value="aarch64"/>
    <property name="java.vm.specification.name" value="Java Virtual Machine Specification"/>
    <property name="PID" value="62979"/>
    <property name="CONSOLE_LOG_CHARSET" value="UTF-8"/>
    <property name="native.encoding" value="UTF-8"/>
    <property name="java.library.path" value="/Users/georgeq/Library/Java/Extensions:/Library/Java/Extensions:/Network/Library/Java/Extensions:/System/Library/Java/Extensions:/usr/lib/java:."/>
    <property name="java.vm.info" value="mixed mode, sharing"/>
    <property name="stderr.encoding" value="UTF-8"/>
    <property name="java.vendor" value="Homebrew"/>
    <property name="java.vm.version" value="22.0.1"/>
    <property name="sun.io.unicode.encoding" value="UnicodeBig"/>
    <property name="socksNonProxyHosts" value="local|*.local|169.254/16|*.169.254/16"/>
    <property name="java.class.version" value="66.0"/>
  </properties>
  <testcase name="test" classname="com.propertec.camel.MySpringBootApplicationTest" time="0.493"/>
</testsuite>